Arguments: 
  /Users/luketchang/.nvm/versions/node/v16.13.2/bin/node /Users/luketchang/.cache/node/corepack/yarn/1.22.19/bin/yarn.js init

PATH: 
  /Users/luketchang/.cargo/bin:/usr/local/git/bin:/Users/luketchang/Downloads/google-cloud-sdk/bin:/Users/luketchang/.local/share/solana/install/active_release/bin:/usr/local/opt/llvm/bin:/Users/luketchang/.bin:/Users/luketchang/.nvm/versions/node/v16.13.2/bin:/Users/luketchang/anaconda3/condabin:/Library/Frameworks/Python.framework/Versions/3.7/bin:/usr/local/bin:/usr/bin:/bin:/usr/sbin:/sbin:/usr/local/go/bin:/usr/local/MacGPG2/bin:/opt/X11/bin:/Library/Apple/usr/bin:/Applications/Wireshark.app/Contents/MacOS:/usr/local/bin/scala/bin:/usr/local/go/bin:/Users/luketchang/go/bin:/Users/luketchang/.foundry/bin

Yarn version: 
  1.22.19

Node version: 
  16.13.2

Platform: 
  darwin x64

Trace: 
  Error: canceled
      at Interface.<anonymous> (/Users/luketchang/.cache/node/corepack/yarn/1.22.19/lib/cli.js:137150:13)
      at Interface.emit (node:events:390:28)
      at Interface._ttyWrite (node:readline:1081:16)
      at ReadStream.onkeypress (node:readline:288:10)
      at ReadStream.emit (node:events:390:28)
      at emitKeys (node:internal/readline/utils:358:14)
      at emitKeys.next (<anonymous>)
      at ReadStream.onData (node:internal/readline/emitKeypressEvents:61:36)
      at ReadStream.emit (node:events:390:28)
      at addChunk (node:internal/streams/readable:315:12)

npm manifest: 
  No manifest

yarn manifest: 
  No manifest

Lockfile: 
  No lockfile
